# JRE version: Java(TM) SE Runtime Environment (8.0_181-b13) (build 1.8.0_181-b13)
# Java VM: Java HotSpot(TM) 64-Bit Server VM (25.181-b13 mixed mode windows-amd64 compressed oops)
Heap:
 PSYoungGen      total 125440K, used 53934K [0x00000000eab00000, 0x00000000f6280000, 0x0000000100000000)
  eden space 112640K, 37% used [0x00000000eab00000,0x00000000ed4844d0,0x00000000f1900000)
  from space 12800K, 89% used [0x00000000f1900000,0x00000000f2427728,0x00000000f2580000)
  to   space 13824K, 0% used [0x00000000f5500000,0x00000000f5500000,0x00000000f6280000)
 ParOldGen       total 52736K, used 16425K [0x00000000c0000000, 0x00000000c3380000, 0x00000000eab00000)
  object space 52736K, 31% used [0x00000000c0000000,0x00000000c100a6a8,0x00000000c3380000)
 Metaspace       used 38875K, capacity 39838K, committed 40104K, reserved 1083392K
  class space    used 5490K, capacity 5795K, committed 5808K, reserved 1048576K
GC Heap History (10 events):
Event: 10.280 GC heap before
{Heap before GC invocations=9 (full 1):
 PSYoungGen      total 72704K, used 70753K [0x00000000eab00000, 0x00000000f1b00000, 0x0000000100000000)
  eden space 64000K, 100% used [0x00000000eab00000,0x00000000ee980000,0x00000000ee980000)
  from space 8704K, 77% used [0x00000000ee980000,0x00000000ef018748,0x00000000ef200000)
  to   space 9216K, 0% used [0x00000000f1200000,0x00000000f1200000,0x00000000f1b00000)
 ParOldGen       total 41984K, used 12225K [0x00000000c0000000, 0x00000000c2900000, 0x00000000eab00000)
  object space 41984K, 29% used [0x00000000c0000000,0x00000000c0bf0770,0x00000000c2900000)
 Metaspace       used 29103K, capacity 29660K, committed 29872K, reserved 1075200K
  class space    used 4039K, capacity 4226K, committed 4272K, reserved 1048576K
Event: 10.289 GC heap after
Heap after GC invocations=9 (full 1):
 PSYoungGen      total 98816K, used 6642K [0x00000000eab00000, 0x00000000f1880000, 0x0000000100000000)
  eden space 92160K, 0% used [0x00000000eab00000,0x00000000eab00000,0x00000000f0500000)
  from space 6656K, 99% used [0x00000000f1200000,0x00000000f187c9a0,0x00000000f1880000)
  to   space 9728K, 0% used [0x00000000f0580000,0x00000000f0580000,0x00000000f0f00000)
 ParOldGen       total 41984K, used 12233K [0x00000000c0000000, 0x00000000c2900000, 0x00000000eab00000)
  object space 41984K, 29% used [0x00000000c0000000,0x00000000c0bf2770,0x00000000c2900000)
 Metaspace       used 29103K, capacity 29660K, committed 29872K, reserved 1075200K
  class space    used 4039K, capacity 4226K, committed 4272K, reserved 1048576K
}
Event: 24.504 GC heap before
{Heap before GC invocations=10 (full 1):
 PSYoungGen      total 98816K, used 98802K [0x00000000eab00000, 0x00000000f1880000, 0x0000000100000000)
  eden space 92160K, 100% used [0x00000000eab00000,0x00000000f0500000,0x00000000f0500000)
  from space 6656K, 99% used [0x00000000f1200000,0x00000000f187c9a0,0x00000000f1880000)
  to   space 9728K, 0% used [0x00000000f0580000,0x00000000f0580000,0x00000000f0f00000)
 ParOldGen       total 41984K, used 12233K [0x00000000c0000000, 0x00000000c2900000, 0x00000000eab00000)
  object space 41984K, 29% used [0x00000000c0000000,0x00000000c0bf2770,0x00000000c2900000)
 Metaspace       used 33868K, capacity 34388K, committed 34608K, reserved 1079296K
  class space    used 4752K, capacity 4879K, committed 4912K, reserved 1048576K
Event: 24.530 GC heap after
Heap after GC invocations=10 (full 1):
 PSYoungGen      total 102400K, used 9713K [0x00000000eab00000, 0x00000000f3100000, 0x0000000100000000)
  eden space 92672K, 0% used [0x00000000eab00000,0x00000000eab00000,0x00000000f0580000)
  from space 9728K, 99% used [0x00000000f0580000,0x00000000f0efc770,0x00000000f0f00000)
  to   space 11776K, 0% used [0x00000000f2580000,0x00000000f2580000,0x00000000f3100000)
 ParOldGen       total 41984K, used 14182K [0x00000000c0000000, 0x00000000c2900000, 0x00000000eab00000)
  object space 41984K, 33% used [0x00000000c0000000,0x00000000c0dd9bf0,0x00000000c2900000)
 Metaspace       used 33868K, capacity 34388K, committed 34608K, reserved 1079296K
  class space    used 4752K, capacity 4879K, committed 4912K, reserved 1048576K
}
Event: 24.845 GC heap before
{Heap before GC invocations=11 (full 1):
 PSYoungGen      total 102400K, used 24984K [0x00000000eab00000, 0x00000000f3100000, 0x0000000100000000)
  eden space 92672K, 16% used [0x00000000eab00000,0x00000000eb9e9c50,0x00000000f0580000)
  from space 9728K, 99% used [0x00000000f0580000,0x00000000f0efc770,0x00000000f0f00000)
  to   space 11776K, 0% used [0x00000000f2580000,0x00000000f2580000,0x00000000f3100000)
 ParOldGen       total 41984K, used 14182K [0x00000000c0000000, 0x00000000c2900000, 0x00000000eab00000)
  object space 41984K, 33% used [0x00000000c0000000,0x00000000c0dd9bf0,0x00000000c2900000)
 Metaspace       used 34700K, capacity 35248K, committed 35496K, reserved 1079296K
  class space    used 4870K, capacity 5017K, committed 5040K, reserved 1048576K
Event: 24.871 GC heap after
Heap after GC invocations=11 (full 1):
 PSYoungGen      total 124416K, used 10347K [0x00000000eab00000, 0x00000000f4300000, 0x0000000100000000)
  eden space 112640K, 0% used [0x00000000eab00000,0x00000000eab00000,0x00000000f1900000)
  from space 11776K, 87% used [0x00000000f2580000,0x00000000f2f9ae78,0x00000000f3100000)
  to   space 12800K, 0% used [0x00000000f1900000,0x00000000f1900000,0x00000000f2580000)
 ParOldGen       total 41984K, used 14190K [0x00000000c0000000, 0x00000000c2900000, 0x00000000eab00000)
  object space 41984K, 33% used [0x00000000c0000000,0x00000000c0ddbbf0,0x00000000c2900000)
 Metaspace       used 34700K, capacity 35248K, committed 35496K, reserved 1079296K
  class space    used 4870K, capacity 5017K, committed 5040K, reserved 1048576K
}
Event: 24.871 GC heap before
{Heap before GC invocations=12 (full 2):
 PSYoungGen      total 124416K, used 10347K [0x00000000eab00000, 0x00000000f4300000, 0x0000000100000000)
  eden space 112640K, 0% used [0x00000000eab00000,0x00000000eab00000,0x00000000f1900000)
  from space 11776K, 87% used [0x00000000f2580000,0x00000000f2f9ae78,0x00000000f3100000)
  to   space 12800K, 0% used [0x00000000f1900000,0x00000000f1900000,0x00000000f2580000)
 ParOldGen       total 41984K, used 14190K [0x00000000c0000000, 0x00000000c2900000, 0x00000000eab00000)
  object space 41984K, 33% used [0x00000000c0000000,0x00000000c0ddbbf0,0x00000000c2900000)
 Metaspace       used 34700K, capacity 35248K, committed 35496K, reserved 1079296K
  class space    used 4870K, capacity 5017K, committed 5040K, reserved 1048576K
Event: 25.006 GC heap after
Heap after GC invocations=12 (full 2):
 PSYoungGen      total 124416K, used 0K [0x00000000eab00000, 0x00000000f4300000, 0x0000000100000000)
  eden space 112640K, 0% used [0x00000000eab00000,0x00000000eab00000,0x00000000f1900000)
  from space 11776K, 0% used [0x00000000f2580000,0x00000000f2580000,0x00000000f3100000)
  to   space 12800K, 0% used [0x00000000f1900000,0x00000000f1900000,0x00000000f2580000)
 ParOldGen       total 52736K, used 16417K [0x00000000c0000000, 0x00000000c3380000, 0x00000000eab00000)
  object space 52736K, 31% used [0x00000000c0000000,0x00000000c10086a8,0x00000000c3380000)
 Metaspace       used 34700K, capacity 35248K, committed 35496K, reserved 1079296K
  class space    used 4870K, capacity 5017K, committed 5040K, reserved 1048576K
}
Event: 26.599 GC heap before
{Heap before GC invocations=13 (full 2):
 PSYoungGen      total 124416K, used 112640K [0x00000000eab00000, 0x00000000f4300000, 0x0000000100000000)
  eden space 112640K, 100% used [0x00000000eab00000,0x00000000f1900000,0x00000000f1900000)
  from space 11776K, 0% used [0x00000000f2580000,0x00000000f2580000,0x00000000f3100000)
  to   space 12800K, 0% used [0x00000000f1900000,0x00000000f1900000,0x00000000f2580000)
 ParOldGen       total 52736K, used 16417K [0x00000000c0000000, 0x00000000c3380000, 0x00000000eab00000)
  object space 52736K, 31% used [0x00000000c0000000,0x00000000c10086a8,0x00000000c3380000)
 Metaspace       used 37441K, capacity 38248K, committed 38440K, reserved 1081344K
  class space    used 5330K, capacity 5612K, committed 5680K, reserved 1048576K
Event: 26.625 GC heap after
Heap after GC invocations=13 (full 2):
 PSYoungGen      total 125440K, used 11421K [0x00000000eab00000, 0x00000000f6280000, 0x0000000100000000)
  eden space 112640K, 0% used [0x00000000eab00000,0x00000000eab00000,0x00000000f1900000)
  from space 12800K, 89% used [0x00000000f1900000,0x00000000f2427728,0x00000000f2580000)
  to   space 13824K, 0% used [0x00000000f5500000,0x00000000f5500000,0x00000000f6280000)
 ParOldGen       total 52736K, used 16425K [0x00000000c0000000, 0x00000000c3380000, 0x00000000eab00000)
  object space 52736K, 31% used [0x00000000c0000000,0x00000000c100a6a8,0x00000000c3380000)
 Metaspace       used 37441K, capacity 38248K, committed 38440K, reserved 1081344K
  class space    used 5330K, capacity 5612K, committed 5680K, reserved 1048576K
}

